<?xml version="1.0" encoding="UTF-8"?>
<testng-results ignored="0" total="6" passed="6" failed="0" skipped="0">
  <reporter-output>
  </reporter-output>
  <suite started-at="2023-09-20T21:09:22 IST" name="Suite" finished-at="2023-09-20T21:14:19 IST" duration-ms="297147">
    <groups>
    </groups>
    <test started-at="2023-09-20T21:09:22 IST" name="Test" finished-at="2023-09-20T21:14:19 IST" duration-ms="297147">
      <class name="Testcases.DDFramworkType1">
        <test-method is-config="true" signature="LaunchTheBrowser()[pri:0, instance:Testcases.DDFramworkType1@606e4010]" started-at="2023-09-20T21:08:06 IST" name="LaunchTheBrowser" finished-at="2023-09-20T21:09:22 IST" duration-ms="75699" status="PASS">
          <reporter-output>
          </reporter-output>
        </test-method> <!-- LaunchTheBrowser -->
        <test-method is-config="true" signature="LauchTheBrowserURL()[pri:0, instance:Testcases.DDFramworkType1@606e4010]" started-at="2023-09-20T21:09:22 IST" name="LauchTheBrowserURL" finished-at="2023-09-20T21:11:15 IST" duration-ms="113092" status="PASS">
          <reporter-output>
          </reporter-output>
        </test-method> <!-- LauchTheBrowserURL -->
        <test-method signature="Flightsearch(java.lang.String,java.lang.String,java.lang.String)[pri:0, instance:Testcases.DDFramworkType1@606e4010]" started-at="2023-09-20T21:11:30 IST" name="Flightsearch" data-provider="searchdata" finished-at="2023-09-20T21:12:19 IST" duration-ms="48422" status="PASS">
          <params>
            <param index="0">
              <value>
                <![CDATA[MAA]]>
              </value>
            </param>
            <param index="1">
              <value>
                <![CDATA[DEL]]>
              </value>
            </param>
            <param index="2">
              <value>
                <![CDATA[30]]>
              </value>
            </param>
          </params>
          <reporter-output>
          </reporter-output>
        </test-method> <!-- Flightsearch -->
        <test-method signature="Flightsearch(java.lang.String,java.lang.String,java.lang.String)[pri:0, instance:Testcases.DDFramworkType1@606e4010]" started-at="2023-09-20T21:12:19 IST" name="Flightsearch" data-provider="searchdata" finished-at="2023-09-20T21:13:00 IST" duration-ms="41617" status="PASS">
          <params>
            <param index="0">
              <value>
                <![CDATA[DEL]]>
              </value>
            </param>
            <param index="1">
              <value>
                <![CDATA[MAA]]>
              </value>
            </param>
            <param index="2">
              <value>
                <![CDATA[30]]>
              </value>
            </param>
          </params>
          <reporter-output>
          </reporter-output>
        </test-method> <!-- Flightsearch -->
        <test-method signature="Flightsearch(java.lang.String,java.lang.String,java.lang.String)[pri:0, instance:Testcases.DDFramworkType1@606e4010]" started-at="2023-09-20T21:13:00 IST" name="Flightsearch" data-provider="searchdata" finished-at="2023-09-20T21:13:41 IST" duration-ms="40309" status="PASS">
          <params>
            <param index="0">
              <value>
                <![CDATA[BLR]]>
              </value>
            </param>
            <param index="1">
              <value>
                <![CDATA[DEL]]>
              </value>
            </param>
            <param index="2">
              <value>
                <![CDATA[30]]>
              </value>
            </param>
          </params>
          <reporter-output>
          </reporter-output>
        </test-method> <!-- Flightsearch -->
        <test-method signature="Flightsearchwithinvalid(java.lang.String,java.lang.String)[pri:1, instance:Testcases.DDFramworkType1@606e4010]" started-at="2023-09-20T21:13:42 IST" name="Flightsearchwithinvalid" data-provider="searchdatawithinvalid" finished-at="2023-09-20T21:13:54 IST" duration-ms="12251" status="PASS">
          <params>
            <param index="0">
              <value>
                <![CDATA[MAA]]>
              </value>
            </param>
            <param index="1">
              <value>
                <![CDATA[MAA]]>
              </value>
            </param>
          </params>
          <reporter-output>
          </reporter-output>
        </test-method> <!-- Flightsearchwithinvalid -->
        <test-method signature="Flightsearchwithinvalid(java.lang.String,java.lang.String)[pri:1, instance:Testcases.DDFramworkType1@606e4010]" started-at="2023-09-20T21:13:54 IST" name="Flightsearchwithinvalid" data-provider="searchdatawithinvalid" finished-at="2023-09-20T21:14:07 IST" duration-ms="12207" status="PASS">
          <params>
            <param index="0">
              <value>
                <![CDATA[DEL]]>
              </value>
            </param>
            <param index="1">
              <value>
                <![CDATA[DEL]]>
              </value>
            </param>
          </params>
          <reporter-output>
          </reporter-output>
        </test-method> <!-- Flightsearchwithinvalid -->
        <test-method signature="Flightsearchwithinvalid(java.lang.String,java.lang.String)[pri:1, instance:Testcases.DDFramworkType1@606e4010]" started-at="2023-09-20T21:14:07 IST" name="Flightsearchwithinvalid" data-provider="searchdatawithinvalid" finished-at="2023-09-20T21:14:19 IST" duration-ms="12341" status="PASS">
          <params>
            <param index="0">
              <value>
                <![CDATA[BLR]]>
              </value>
            </param>
            <param index="1">
              <value>
                <![CDATA[BLR]]>
              </value>
            </param>
          </params>
          <reporter-output>
          </reporter-output>
        </test-method> <!-- Flightsearchwithinvalid -->
        <test-method is-config="true" signature="close()[pri:0, instance:Testcases.DDFramworkType1@606e4010]" started-at="2023-09-20T21:14:19 IST" name="close" finished-at="2023-09-20T21:14:20 IST" duration-ms="1060" status="PASS">
          <reporter-output>
          </reporter-output>
        </test-method> <!-- close -->
      </class> <!-- Testcases.DDFramworkType1 -->
    </test> <!-- Test -->
  </suite> <!-- Suite -->
</testng-results>
