<?xml version="1.0" encoding="UTF-8"?>
<!-- Generated by org.testng.reporters.JUnitXMLReporter -->
<testsuite ignored="0" hostname="DESKTOP-C614HCB" failures="0" tests="6" name="Default test" time="157.748" errors="0" timestamp="2023-09-13T23:00:19 IST">
  <testcase classname="Testcases.DDFramworkType1" name="Flightsearch" time="48.369"/>
  <testcase classname="Testcases.DDFramworkType1" name="Flightsearch" time="31.02"/>
  <testcase classname="Testcases.DDFramworkType1" name="Flightsearch" time="26.497"/>
  <testcase classname="Testcases.DDFramworkType1" name="Flightsearchwithinvalid" time="6.076"/>
  <testcase classname="Testcases.DDFramworkType1" name="Flightsearchwithinvalid" time="5.502"/>
  <testcase classname="Testcases.DDFramworkType1" name="Flightsearchwithinvalid" time="5.676"/>
</testsuite> <!-- Default test -->
