<?xml version="1.0" encoding="UTF-8"?>
<testng-results ignored="1" total="3" passed="2" failed="0" skipped="0">
  <reporter-output>
  </reporter-output>
  <suite started-at="2024-06-11T16:54:10 IST" name="Default suite" finished-at="2024-06-11T16:54:10 IST" duration-ms="102">
    <groups>
    </groups>
    <test started-at="2024-06-11T16:54:10 IST" name="Default test" finished-at="2024-06-11T16:54:10 IST" duration-ms="102">
      <class name="selenium_practice.TestNG_practice">
        <test-method signature="session1()[pri:0, instance:selenium_practice.TestNG_practice@52af26ee]" started-at="2024-06-11T16:54:10 IST" name="session1" finished-at="2024-06-11T16:54:10 IST" duration-ms="17" status="PASS">
          <reporter-output>
          </reporter-output>
        </test-method> <!-- session1 -->
        <test-method signature="session2()[pri:1, instance:selenium_practice.TestNG_practice@52af26ee]" started-at="2024-06-11T16:54:10 IST" name="session2" finished-at="2024-06-11T16:54:10 IST" depends-on-methods="selenium_practice.TestNG_practice.session1" duration-ms="9" status="PASS">
          <reporter-output>
          </reporter-output>
        </test-method> <!-- session2 -->
      </class> <!-- selenium_practice.TestNG_practice -->
    </test> <!-- Default test -->
  </suite> <!-- Default suite -->
</testng-results>
