<?xml version="1.0" encoding="UTF-8"?>
<!-- Generated by org.testng.reporters.JUnitXMLReporter -->
<testsuite ignored="1" hostname="DESKTOP-7VDSII0" failures="0" tests="2" name="Default test" time="0.102" errors="0" timestamp="2024-06-11T16:54:11 IST">
  <testcase classname="selenium_practice.TestNG_practice" name="session1" time="0.017"/>
  <testcase classname="selenium_practice.TestNG_practice" name="session2" time="0.009"/>
  <testcase classname="selenium_practice.TestNG_practice" name="session3" time="0.0">
    <ignored/>
  </testcase> <!-- session3 -->
</testsuite> <!-- Default test -->
